\BOOKMARK [0][-]{chapter*.2}{\376\377\000A\000B\000S\000T\000R\000A\000K}{}% 1
\BOOKMARK [0][-]{chapter*.3}{\376\377\000D\000A\000F\000T\000A\000R\000\040\000I\000S\000I}{}% 2
\BOOKMARK [0][-]{chapter*.4}{\376\377\000D\000A\000F\000T\000A\000R\000\040\000G\000A\000M\000B\000A\000R}{}% 3
\BOOKMARK [0][-]{chapter*.5}{\376\377\000D\000A\000F\000T\000A\000R\000\040\000T\000A\000B\000E\000L}{}% 4
\BOOKMARK [0][-]{chapter.1}{\376\377\0001\000\040\000P\000E\000N\000D\000A\000H\000U\000L\000U\000A\000N}{}% 5
\BOOKMARK [1][-]{section.1.1}{\376\377\0001\000.\0001\000\040\000L\000a\000t\000a\000r\000\040\000B\000e\000l\000a\000k\000a\000n\000g}{chapter.1}% 6
\BOOKMARK [1][-]{section.1.2}{\376\377\0001\000.\0002\000\040\000R\000u\000m\000u\000s\000a\000n\000\040\000M\000a\000s\000a\000l\000a\000h}{chapter.1}% 7
\BOOKMARK [1][-]{section.1.3}{\376\377\0001\000.\0003\000\040\000T\000u\000j\000u\000a\000n}{chapter.1}% 8
\BOOKMARK [1][-]{section.1.4}{\376\377\0001\000.\0004\000\040\000B\000a\000t\000a\000s\000a\000n\000\040\000M\000a\000s\000a\000l\000a\000h}{chapter.1}% 9
\BOOKMARK [1][-]{section.1.5}{\376\377\0001\000.\0005\000\040\000M\000a\000n\000f\000a\000a\000t}{chapter.1}% 10
\BOOKMARK [0][-]{chapter.2}{\376\377\0002\000\040\000T\000I\000N\000J\000A\000U\000A\000N\000\040\000P\000U\000S\000T\000A\000K\000A}{}% 11
\BOOKMARK [1][-]{section.2.1}{\376\377\0002\000.\0001\000\040\000H\000a\000s\000i\000l\000\040\000p\000e\000n\000e\000l\000i\000t\000i\000a\000n\000/\000p\000e\000r\000a\000n\000c\000a\000n\000g\000a\000n\000\040\000t\000e\000r\000d\000a\000h\000u\000l\000u}{chapter.2}% 12
\BOOKMARK [2][-]{subsection.2.1.1}{\376\377\0002\000.\0001\000.\0001\000\040\000C\000l\000a\000s\000s\000i\000f\000i\000c\000a\000t\000i\000o\000n\000\040\000o\000f\000\040\000D\000i\000a\000b\000e\000t\000i\000c\000\040\000R\000e\000t\000i\000n\000o\000p\000a\000t\000h\000y\000\040\000B\000a\000s\000e\000d\000\040\000o\000n\000\040\000B\000-\000R\000e\000s\000N\000e\000t}{section.2.1}% 13
\BOOKMARK [2][-]{subsection.2.1.2}{\376\377\0002\000.\0001\000.\0002\000\040\000A\000\040\000D\000e\000e\000p\000\040\000L\000e\000a\000r\000n\000i\000n\000g\000\040\000F\000r\000a\000m\000e\000w\000o\000r\000k\000\040\000f\000o\000r\000\040\000D\000e\000t\000e\000c\000t\000i\000o\000n\000\040\000a\000n\000d\000\040\000C\000l\000a\000s\000s\000i\000f\000i\000c\000a\000t\000i\000o\000n\000\040\000o\000f\000\040\000D\000i\000a\000b\000e\000t\000i\000c\000\040\000R\000e\000t\000i\000n\000o\000p\000a\000t\000h\000y\000\040\000i\000n\000\040\000F\000u\000n\000d\000u\000s\000I\000m\000a\000g\000e\000s\000\040\000U\000s\000i\000n\000g\000\040\000R\000e\000s\000i\000d\000u\000a\000l\000\040\000N\000e\000u\000r\000a\000l\000\040\000N\000e\000t\000w\000o\000r\000k\000s}{section.2.1}% 14
\BOOKMARK [1][-]{section.2.2}{\376\377\0002\000.\0002\000\040\000T\000e\000o\000r\000i\000/\000K\000o\000n\000s\000e\000p\000\040\000D\000a\000s\000a\000r}{chapter.2}% 15
\BOOKMARK [2][-]{subsection.2.2.1}{\376\377\0002\000.\0002\000.\0001\000\040\000P\000e\000n\000g\000o\000l\000a\000h\000a\000n\000\040\000C\000i\000t\000r\000a}{section.2.2}% 16
\BOOKMARK [2][-]{subsection.2.2.2}{\376\377\0002\000.\0002\000.\0002\000\040\000O\000C\000T\000\040\000A\000n\000g\000i\000o\000g\000r\000a\000p\000h\000y}{section.2.2}% 17
\BOOKMARK [2][-]{subsection.2.2.3}{\376\377\0002\000.\0002\000.\0003\000\040\000C\000N\000N}{section.2.2}% 18
\BOOKMARK [2][-]{subsection.2.2.4}{\376\377\0002\000.\0002\000.\0004\000\040\000R\000e\000s\000N\000e\000t}{section.2.2}% 19
\BOOKMARK [2][-]{subsection.2.2.5}{\376\377\0002\000.\0002\000.\0005\000\040\000G\000r\000a\000d\000-\000C\000A\000M}{section.2.2}% 20
\BOOKMARK [0][-]{chapter.3}{\376\377\0003\000\040\000M\000E\000T\000O\000D\000O\000L\000O\000G\000I}{}% 21
\BOOKMARK [1][-]{section.3.1}{\376\377\0003\000.\0001\000\040\000D\000a\000t\000a\000\040\000d\000a\000n\000\040\000P\000e\000r\000a\000l\000a\000t\000a\000n}{chapter.3}% 22
\BOOKMARK [1][-]{section.3.2}{\376\377\0003\000.\0002\000\040\000M\000e\000t\000o\000d\000e\000\040\000y\000a\000n\000g\000\040\000d\000i\000g\000u\000n\000a\000k\000a\000n}{chapter.3}% 23
\BOOKMARK [2][-]{subsection.3.2.1}{\376\377\0003\000.\0002\000.\0001\000\040\000A\000k\000u\000i\000s\000i\000s\000i\000\040\000D\000a\000t\000a}{section.3.2}% 24
\BOOKMARK [2][-]{subsection.3.2.2}{\376\377\0003\000.\0002\000.\0002\000\040\000P\000r\000a\000-\000p\000e\000m\000r\000o\000s\000e\000s\000a\000n\000\040\000D\000a\000t\000a}{section.3.2}% 25
\BOOKMARK [2][-]{subsection.3.2.3}{\376\377\0003\000.\0002\000.\0003\000\040\000\040\000M\000o\000d\000e\000l\000\040\000R\000e\000s\000N\000e\000t}{section.3.2}% 26
\BOOKMARK [2][-]{subsection.3.2.4}{\376\377\0003\000.\0002\000.\0004\000\040\000P\000e\000l\000a\000t\000i\000h\000a\000n\000\040\000M\000o\000d\000e\000l}{section.3.2}% 27
\BOOKMARK [2][-]{subsection.3.2.5}{\376\377\0003\000.\0002\000.\0005\000\040\000P\000e\000n\000g\000u\000j\000i\000a\000n\000\040\000d\000a\000n\000\040\000E\000v\000a\000l\000u\000a\000s\000i}{section.3.2}% 28
\BOOKMARK [2][-]{subsection.3.2.6}{\376\377\0003\000.\0002\000.\0006\000\040\000G\000r\000a\000d\000i\000e\000n\000t\000-\000w\000e\000i\000g\000h\000t\000e\000d\000\040\000C\000l\000a\000s\000s\000\040\000A\000c\000t\000i\000v\000a\000t\000i\000o\000n\000\040\000M\000a\000p\000p\000i\000n\000g}{section.3.2}% 29
\BOOKMARK [0][-]{chapter.4}{\376\377\0004\000\040\000H\000A\000S\000I\000L\000\040\000D\000A\000N\000\040\000P\000E\000M\000B\000A\000H\000A\000S\000A\000N}{}% 30
\BOOKMARK [1][-]{section.4.1}{\376\377\0004\000.\0001\000\040\000H\000a\000s\000i\000l\000\040\000P\000e\000n\000e\000l\000i\000t\000i\000a\000n}{chapter.4}% 31
\BOOKMARK [1][-]{section.4.2}{\376\377\0004\000.\0002\000\040\000H\000a\000s\000i\000l\000\040\000P\000e\000n\000g\000u\000j\000i\000a\000n}{chapter.4}% 32
\BOOKMARK [2][-]{subsection.4.2.1}{\376\377\0004\000.\0002\000.\0001\000\040\000H\000a\000s\000i\000l\000\040\000p\000e\000n\000g\000u\000j\000i\000a\000n\000\040\000M\000o\000d\000e\000l\000\040\000t\000a\000n\000p\000a\000\040\000m\000e\000n\000g\000g\000u\000n\000a\000k\000a\000n\000\040\000p\000e\000n\000y\000e\000s\000u\000a\000i\000a\000n\000\040\000a\000p\000a\000p\000u\000n}{section.4.2}% 33
\BOOKMARK [2][-]{subsection.4.2.2}{\376\377\0004\000.\0002\000.\0002\000\040\000H\000a\000s\000i\000l\000\040\000P\000e\000n\000g\000u\000j\000i\000a\000n\000\040\000M\000o\000d\000e\000l\000\040\000d\000e\000n\000g\000a\000n\000\040\000p\000e\000n\000y\000e\000s\000u\000a\000i\000a\000n\000\040\000m\000e\000n\000g\000g\000u\000n\000a\000k\000a\000n\000\040\000c\000l\000a\000s\000s\000-\000w\000e\000i\000g\000h\000t}{section.4.2}% 34
\BOOKMARK [0][-]{chapter.5}{\376\377\0005\000\040\000P\000E\000N\000U\000T\000U\000P}{}% 35
\BOOKMARK [0][-]{chapter*.18}{\376\377\000D\000A\000F\000T\000A\000R\000\040\000P\000U\000S\000T\000A\000K\000A}{}% 36
